# JRE version: Java(TM) SE Runtime Environment (7.0_45-b18) (build 1.7.0_45-b18)
# Java VM: Java HotSpot(TM) 64-Bit Server VM (24.45-b08 mixed mode windows-amd64 compressed oops)
Heap
 PSYoungGen      total 174592K, used 96459K [0x00000000f0000000, 0x00000000fe480000, 0x0000000100000000)
  eden space 161280K, 51% used [0x00000000f0000000,0x00000000f5150de0,0x00000000f9d80000)
  from space 13312K, 99% used [0x00000000fa280000,0x00000000faf62188,0x00000000faf80000)
  to   space 36352K, 0% used [0x00000000fc100000,0x00000000fc100000,0x00000000fe480000)
 ParOldGen       total 187904K, used 156193K [0x00000000d0000000, 0x00000000db780000, 0x00000000f0000000)
  object space 187904K, 83% used [0x00000000d0000000,0x00000000d98884f8,0x00000000db780000)
 PSPermGen       total 95232K, used 88975K [0x00000000c0000000, 0x00000000c5d00000, 0x00000000d0000000)
  object space 95232K, 93% used [0x00000000c0000000,0x00000000c56e3e98,0x00000000c5d00000)
GC Heap History (10 events):
Event: 7569.330 GC heap before
{Heap before GC invocations=87 (full 4):
 PSYoungGen      total 204288K, used 194336K [0x00000000f0000000, 0x00000000fec80000, 0x0000000100000000)
  eden space 168448K, 100% used [0x00000000f0000000,0x00000000fa480000,0x00000000fa480000)
  from space 35840K, 72% used [0x00000000fc980000,0x00000000fe2c8388,0x00000000fec80000)
  to   space 36864K, 0% used [0x00000000fa480000,0x00000000fa480000,0x00000000fc880000)
 ParOldGen       total 187904K, used 142088K [0x00000000d0000000, 0x00000000db780000, 0x00000000f0000000)
  object space 187904K, 75% used [0x00000000d0000000,0x00000000d8ac2100,0x00000000db780000)
 PSPermGen       total 95232K, used 87513K [0x00000000c0000000, 0x00000000c5d00000, 0x00000000d0000000)
  object space 95232K, 91% used [0x00000000c0000000,0x00000000c55764e0,0x00000000c5d00000)
Event: 7569.455 GC heap after
Heap after GC invocations=87 (full 4):
 PSYoungGen      total 205312K, used 27154K [0x00000000f0000000, 0x00000000ff880000, 0x0000000100000000)
  eden space 168448K, 0% used [0x00000000f0000000,0x00000000f0000000,0x00000000fa480000)
  from space 36864K, 73% used [0x00000000fa480000,0x00000000fbf049b0,0x00000000fc880000)
  to   space 37888K, 0% used [0x00000000fd380000,0x00000000fd380000,0x00000000ff880000)
 ParOldGen       total 187904K, used 142104K [0x00000000d0000000, 0x00000000db780000, 0x00000000f0000000)
  object space 187904K, 75% used [0x00000000d0000000,0x00000000d8ac6100,0x00000000db780000)
 PSPermGen       total 95232K, used 87513K [0x00000000c0000000, 0x00000000c5d00000, 0x00000000d0000000)
  object space 95232K, 91% used [0x00000000c0000000,0x00000000c55764e0,0x00000000c5d00000)
}
Event: 7603.380 GC heap before
{Heap before GC invocations=88 (full 4):
 PSYoungGen      total 205312K, used 195602K [0x00000000f0000000, 0x00000000ff880000, 0x0000000100000000)
  eden space 168448K, 100% used [0x00000000f0000000,0x00000000fa480000,0x00000000fa480000)
  from space 36864K, 73% used [0x00000000fa480000,0x00000000fbf049b0,0x00000000fc880000)
  to   space 37888K, 0% used [0x00000000fd380000,0x00000000fd380000,0x00000000ff880000)
 ParOldGen       total 187904K, used 142104K [0x00000000d0000000, 0x00000000db780000, 0x00000000f0000000)
  object space 187904K, 75% used [0x00000000d0000000,0x00000000d8ac6100,0x00000000db780000)
 PSPermGen       total 95232K, used 87774K [0x00000000c0000000, 0x00000000c5d00000, 0x00000000d0000000)
  object space 95232K, 92% used [0x00000000c0000000,0x00000000c55b7918,0x00000000c5d00000)
Event: 7603.502 GC heap after
Heap after GC invocations=88 (full 4):
 PSYoungGen      total 215040K, used 27981K [0x00000000f0000000, 0x00000000ff900000, 0x0000000100000000)
  eden space 177152K, 0% used [0x00000000f0000000,0x00000000f0000000,0x00000000fad00000)
  from space 37888K, 73% used [0x00000000fd380000,0x00000000feed3408,0x00000000ff880000)
  to   space 38912K, 0% used [0x00000000fad00000,0x00000000fad00000,0x00000000fd300000)
 ParOldGen       total 187904K, used 142104K [0x00000000d0000000, 0x00000000db780000, 0x00000000f0000000)
  object space 187904K, 75% used [0x00000000d0000000,0x00000000d8ac6100,0x00000000db780000)
 PSPermGen       total 95232K, used 87774K [0x00000000c0000000, 0x00000000c5d00000, 0x00000000d0000000)
  object space 95232K, 92% used [0x00000000c0000000,0x00000000c55b7918,0x00000000c5d00000)
}
Event: 7742.118 GC heap before
{Heap before GC invocations=89 (full 4):
 PSYoungGen      total 215040K, used 205133K [0x00000000f0000000, 0x00000000ff900000, 0x0000000100000000)
  eden space 177152K, 100% used [0x00000000f0000000,0x00000000fad00000,0x00000000fad00000)
  from space 37888K, 73% used [0x00000000fd380000,0x00000000feed3408,0x00000000ff880000)
  to   space 38912K, 0% used [0x00000000fad00000,0x00000000fad00000,0x00000000fd300000)
 ParOldGen       total 187904K, used 142104K [0x00000000d0000000, 0x00000000db780000, 0x00000000f0000000)
  object space 187904K, 75% used [0x00000000d0000000,0x00000000d8ac6100,0x00000000db780000)
 PSPermGen       total 95232K, used 87995K [0x00000000c0000000, 0x00000000c5d00000, 0x00000000d0000000)
  object space 95232K, 92% used [0x00000000c0000000,0x00000000c55eee90,0x00000000c5d00000)
Event: 7742.202 GC heap after
Heap after GC invocations=89 (full 4):
 PSYoungGen      total 193024K, used 21400K [0x00000000f0000000, 0x00000000ff080000, 0x0000000100000000)
  eden space 171520K, 0% used [0x00000000f0000000,0x00000000f0000000,0x00000000fa780000)
  from space 21504K, 99% used [0x00000000fad00000,0x00000000fc1e61f0,0x00000000fc200000)
  to   space 37376K, 0% used [0x00000000fcc00000,0x00000000fcc00000,0x00000000ff080000)
 ParOldGen       total 187904K, used 147988K [0x00000000d0000000, 0x00000000db780000, 0x00000000f0000000)
  object space 187904K, 78% used [0x00000000d0000000,0x00000000d9085120,0x00000000db780000)
 PSPermGen       total 95232K, used 87995K [0x00000000c0000000, 0x00000000c5d00000, 0x00000000d0000000)
  object space 95232K, 92% used [0x00000000c0000000,0x00000000c55eee90,0x00000000c5d00000)
}
Event: 7802.930 GC heap before
{Heap before GC invocations=90 (full 4):
 PSYoungGen      total 193024K, used 192920K [0x00000000f0000000, 0x00000000ff080000, 0x0000000100000000)
  eden space 171520K, 100% used [0x00000000f0000000,0x00000000fa780000,0x00000000fa780000)
  from space 21504K, 99% used [0x00000000fad00000,0x00000000fc1e61f0,0x00000000fc200000)
  to   space 37376K, 0% used [0x00000000fcc00000,0x00000000fcc00000,0x00000000ff080000)
 ParOldGen       total 187904K, used 147988K [0x00000000d0000000, 0x00000000db780000, 0x00000000f0000000)
  object space 187904K, 78% used [0x00000000d0000000,0x00000000d9085120,0x00000000db780000)
 PSPermGen       total 95232K, used 88281K [0x00000000c0000000, 0x00000000c5d00000, 0x00000000d0000000)
  object space 95232K, 92% used [0x00000000c0000000,0x00000000c56367c0,0x00000000c5d00000)
Event: 7803.022 GC heap after
Heap after GC invocations=90 (full 4):
 PSYoungGen      total 197632K, used 14983K [0x00000000f0000000, 0x00000000fea80000, 0x0000000100000000)
  eden space 166400K, 0% used [0x00000000f0000000,0x00000000f0000000,0x00000000fa280000)
  from space 31232K, 47% used [0x00000000fcc00000,0x00000000fdaa1dc8,0x00000000fea80000)
  to   space 36864K, 0% used [0x00000000fa280000,0x00000000fa280000,0x00000000fc680000)
 ParOldGen       total 187904K, used 155641K [0x00000000d0000000, 0x00000000db780000, 0x00000000f0000000)
  object space 187904K, 82% used [0x00000000d0000000,0x00000000d97fe4f8,0x00000000db780000)
 PSPermGen       total 95232K, used 88281K [0x00000000c0000000, 0x00000000c5d00000, 0x00000000d0000000)
  object space 95232K, 92% used [0x00000000c0000000,0x00000000c56367c0,0x00000000c5d00000)
}
Event: 7824.903 GC heap before
{Heap before GC invocations=91 (full 4):
 PSYoungGen      total 197632K, used 181383K [0x00000000f0000000, 0x00000000fea80000, 0x0000000100000000)
  eden space 166400K, 100% used [0x00000000f0000000,0x00000000fa280000,0x00000000fa280000)
  from space 31232K, 47% used [0x00000000fcc00000,0x00000000fdaa1dc8,0x00000000fea80000)
  to   space 36864K, 0% used [0x00000000fa280000,0x00000000fa280000,0x00000000fc680000)
 ParOldGen       total 187904K, used 155641K [0x00000000d0000000, 0x00000000db780000, 0x00000000f0000000)
  object space 187904K, 82% used [0x00000000d0000000,0x00000000d97fe4f8,0x00000000db780000)
 PSPermGen       total 95232K, used 88520K [0x00000000c0000000, 0x00000000c5d00000, 0x00000000d0000000)
  object space 95232K, 92% used [0x00000000c0000000,0x00000000c56723d8,0x00000000c5d00000)
Event: 7825.007 GC heap after
Heap after GC invocations=91 (full 4):
 PSYoungGen      total 174592K, used 13192K [0x00000000f0000000, 0x00000000fe480000, 0x0000000100000000)
  eden space 161280K, 0% used [0x00000000f0000000,0x00000000f0000000,0x00000000f9d80000)
  from space 13312K, 99% used [0x00000000fa280000,0x00000000faf62188,0x00000000faf80000)
  to   space 36352K, 0% used [0x00000000fc100000,0x00000000fc100000,0x00000000fe480000)
 ParOldGen       total 187904K, used 156193K [0x00000000d0000000, 0x00000000db780000, 0x00000000f0000000)
  object space 187904K, 83% used [0x00000000d0000000,0x00000000d98884f8,0x00000000db780000)
 PSPermGen       total 95232K, used 88520K [0x00000000c0000000, 0x00000000c5d00000, 0x00000000d0000000)
  object space 95232K, 92% used [0x00000000c0000000,0x00000000c56723d8,0x00000000c5d00000)
}

